INFO 2024-09-22 09:28:19,162 autoreload 214623 133446670684288 Watching for file changes with StatReloader
INFO 2024-09-23 00:50:08,025 basehttp 214623 133446607308480 "GET / HTTP/1.1" 200 12068
WARNING 2024-09-23 00:50:08,088 log 214623 133446607308480 Not Found: /favicon.ico
WARNING 2024-09-23 00:50:08,088 basehttp 214623 133446607308480 "GET /favicon.ico HTTP/1.1" 404 2213
INFO 2024-09-23 00:50:31,760 basehttp 214623 133446596822720 "GET / HTTP/1.1" 200 12068
WARNING 2024-09-23 00:50:31,798 log 214623 133446596822720 Not Found: /favicon.ico
INFO 2024-09-23 01:01:02,350 autoreload 229932 135799513071744 Watching for file changes with StatReloader
INFO 2024-09-23 01:01:05,669 basehttp 229932 135799448274624 "GET / HTTP/1.1" 200 12068
INFO 2024-09-23 01:02:54,928 autoreload 229932 135799513071744 /home/jing/Desktop/meiduo1/meiduo_mall/meiduo_mall/urls.py changed, reloading.
INFO 2024-09-23 01:02:55,117 autoreload 230178 124043630555264 Watching for file changes with StatReloader
INFO 2024-09-23 01:03:31,359 autoreload 230178 124043630555264 /home/jing/Desktop/meiduo1/meiduo_mall/meiduo_mall/urls.py changed, reloading.
INFO 2024-09-23 01:03:31,548 autoreload 230231 138234214002816 Watching for file changes with StatReloader
INFO 2024-09-23 01:03:36,289 basehttp 230231 138234149471936 "GET /log HTTP/1.1" 301 0
INFO 2024-09-23 01:03:36,291 basehttp 230231 138234149471936 "GET /log/ HTTP/1.1" 200 3
INFO 2024-09-23 01:13:43,258 autoreload 230746 140315554226304 Watching for file changes with StatReloader
INFO 2024-09-23 01:13:55,432 urls 230746 140315488945856 user login
WARNING 2024-09-23 01:13:55,432 urls 230746 140315488945856 redis warning
ERROR 2024-09-23 01:13:55,432 urls 230746 140315488945856 not exist
INFO 2024-09-23 01:13:55,432 basehttp 230746 140315488945856 "GET /log/ HTTP/1.1" 200 3
INFO 2024-09-23 01:15:17,772 autoreload 230808 131159877005440 Watching for file changes with StatReloader
INFO 2024-09-23 01:15:21,578 urls 230808 131159811950272 user login
WARNING 2024-09-23 01:15:21,578 urls 230808 131159811950272 redis warning
ERROR 2024-09-23 01:15:21,578 urls 230808 131159811950272 not exist
INFO 2024-09-23 01:15:21,579 basehttp 230808 131159811950272 "GET /log/ HTTP/1.1" 200 3
